-Xajruntimetarget:1.5
-17
-source
17
-target
17
-classpath
/Users/vanesa/.m2/repository/org/aspectj/aspectjrt/1.9.21/aspectjrt-1.9.21.jar:/Users/vanesa/.m2/repository/io/github/cdimascio/java-dotenv/5.2.2/java-dotenv-5.2.2.jar:/Users/vanesa/.m2/repository/org/jetbrains/kotlin/kotlin-stdlib/1.4.0/kotlin-stdlib-1.4.0.jar:/Users/vanesa/.m2/repository/org/jetbrains/kotlin/kotlin-stdlib-common/1.4.0/kotlin-stdlib-common-1.4.0.jar:/Users/vanesa/.m2/repository/org/jetbrains/annotations/13.0/annotations-13.0.jar:/Users/vanesa/Documents/Skola/ING-3semester/AOP/mini-projekt/miniprojekt/target/classes
-d
/Users/vanesa/Documents/Skola/ING-3semester/AOP/mini-projekt/miniprojekt/target/classes
-s
/Users/vanesa/Documents/Skola/ING-3semester/AOP/mini-projekt/miniprojekt/target/generated-sources/aspectj-maven-plugin
/Users/vanesa/Documents/Skola/ING-3semester/AOP/mini-projekt/miniprojekt/src/main/java/com/aspect/PerformanceMonitoringAspect.aj
/Users/vanesa/Documents/Skola/ING-3semester/AOP/mini-projekt/miniprojekt/src/main/java/com/aspect/MalwareData.java
/Users/vanesa/Documents/Skola/ING-3semester/AOP/mini-projekt/miniprojekt/src/main/java/com/aspect/MalwareAnalysis.java
/Users/vanesa/Documents/Skola/ING-3semester/AOP/mini-projekt/miniprojekt/src/main/java/com/aspect/SecurityAspect.aj
/Users/vanesa/Documents/Skola/ING-3semester/AOP/mini-projekt/miniprojekt/src/main/java/com/aspect/LoggingAspect.aj
/Users/vanesa/Documents/Skola/ING-3semester/AOP/mini-projekt/miniprojekt/src/main/java/com/aspect/Sample.java
/Users/vanesa/Documents/Skola/ING-3semester/AOP/mini-projekt/miniprojekt/src/main/java/com/aspect/MainController.java
/Users/vanesa/Documents/Skola/ING-3semester/AOP/mini-projekt/miniprojekt/src/main/java/com/aspect/MalwareProcessor.java
/Users/vanesa/Documents/Skola/ING-3semester/AOP/mini-projekt/miniprojekt/src/main/java/com/aspect/Authorization.java
/Users/vanesa/Documents/Skola/ING-3semester/AOP/mini-projekt/miniprojekt/src/main/java/com/aspect/Viewer.java
/Users/vanesa/Documents/Skola/ING-3semester/AOP/mini-projekt/miniprojekt/src/main/java/com/aspect/Main.java
/Users/vanesa/Documents/Skola/ING-3semester/AOP/mini-projekt/miniprojekt/src/main/java/com/aspect/PreprocessingAspect.aj
/Users/vanesa/Documents/Skola/ING-3semester/AOP/mini-projekt/miniprojekt/src/main/java/com/aspect/ErrorHandlingAspect.aj
